mode: set
_/Volumes/Other/Dropbox/Algo/balance-paren.go:8.29,17.19 4 1
_/Volumes/Other/Dropbox/Algo/balance-paren.go:17.19,19.3 1 1
_/Volumes/Other/Dropbox/Algo/balance-paren.go:19.3,20.23 1 1
_/Volumes/Other/Dropbox/Algo/balance-paren.go:29.3,29.20 1 1
_/Volumes/Other/Dropbox/Algo/balance-paren.go:32.3,32.15 1 1
_/Volumes/Other/Dropbox/Algo/balance-paren.go:20.23,21.47 1 1
_/Volumes/Other/Dropbox/Algo/balance-paren.go:21.47,23.5 1 1
_/Volumes/Other/Dropbox/Algo/balance-paren.go:23.5,24.40 1 1
_/Volumes/Other/Dropbox/Algo/balance-paren.go:24.40,26.6 1 0
_/Volumes/Other/Dropbox/Algo/balance-paren.go:29.20,31.4 1 1
_/Volumes/Other/Dropbox/Algo/balance-paren.go:40.31,42.2 1 1
_/Volumes/Other/Dropbox/Algo/balance-paren.go:44.33,47.2 1 1
_/Volumes/Other/Dropbox/Algo/balance-paren.go:49.31,51.27 2 0
_/Volumes/Other/Dropbox/Algo/balance-paren.go:54.2,54.10 1 0
_/Volumes/Other/Dropbox/Algo/balance-paren.go:51.27,53.3 1 0
_/Volumes/Other/Dropbox/Algo/balance-paren.go:57.27,59.19 2 1
_/Volumes/Other/Dropbox/Algo/balance-paren.go:62.2,62.10 1 1
_/Volumes/Other/Dropbox/Algo/balance-paren.go:59.19,61.3 1 1
_/Volumes/Other/Dropbox/Algo/balance-paren.go:65.30,66.17 1 1
_/Volumes/Other/Dropbox/Algo/balance-paren.go:69.2,71.12 3 1
_/Volumes/Other/Dropbox/Algo/balance-paren.go:66.17,68.3 1 0
